


ARM Macro Assembler    Page 1 


    1 00000000                 AREA             ShiftAndAdd, CODE, READONLY
    2 00000000                 IMPORT           main
    3 00000000                 EXPORT           start
    4 00000000         
    5 00000000         start
    6 00000000 E3A00000        LDR              R0, =0      ;result
    7 00000004 E3A01009        LDR              R1, =9      ;value
    8 00000008 E3A0200A        LDR              R2, =10     ;multiplier
    9 0000000C E3A03102        LDR              R3, =0x80000000 ;valueOfHighest
                                                            Power
   10 00000010 E3A0401F        LDR              R4, = 31    ;powerCount
   11 00000014         
   12 00000014         while
   13 00000014 E3520000        CMP              R2, #0      ;while(multiplier!=
                                                            0)
   14 00000018 0A000007        BEQ              endWhile    ;{
   15 0000001C         
   16 0000001C         while2                               ;
   17 0000001C E1520003        CMP              R2, R3      ;while(multiplier <
                                                            = valueOfHighestPow
                                                            er)
   18 00000020 2A000002        BHS              endWh2      ;{
   19 00000024 E1A030A3        MOV              R3, R3, LSR #1 ; valueOfHighest
                                                            Power >> #1
   20 00000028 E2444001        SUB              R4, R4, #1  ; powerCount--
   21 0000002C EAFFFFFA        B                while2      ;}
   22 00000030         
   23 00000030         endWh2
   24 00000030 E0800411        ADD              R0, R0, R1, LSL R4 ;result = re
                                                            sult + (value << #1
                                                            )
   25 00000034 E0422003        SUB              R2, R2, R3  ;multipler -= value
                                                            OfHighestPower
   26 00000038 EAFFFFF5        B                while
   27 0000003C         
   28 0000003C         endWhile
   29 0000003C         
   30 0000003C EAFFFFFE 
                       stop    B                stop
   31 00000040         
   32 00000040         
   33 00000040                 END
Command Line: --debug --xref --diag_suppress=9931 --apcs=interwork --depend=.\s
hiftandadd.d -o.\shiftandadd.o -IC:\Keil_v5\ARM\RV31\INC -IC:\Keil_v5\ARM\CMSIS
\Include -IC:\Keil_v5\ARM\Inc\Philips --predefine="__EVAL SETA 1" --predefine="
__MICROLIB SETA 1" --predefine="__UVISION_VERSION SETA 516" --predefine="NO_CLO
CK_SETUP SETA 1" --predefine="NO_EMC_SETUP SETA 1" --predefine="RAM_INTVEC SETA
 1" --predefine="RAM_MODE SETA 1" --predefine="REMAP SETA 1" --list=.\shiftanda
dd.lst ShiftAndAdd.s



ARM Macro Assembler    Page 1 Alphabetic symbol ordering
Relocatable symbols

ShiftAndAdd 00000000

Symbol: ShiftAndAdd
   Definitions
      At line 1 in file ShiftAndAdd.s
   Uses
      None
Comment: ShiftAndAdd unused
endWh2 00000030

Symbol: endWh2
   Definitions
      At line 23 in file ShiftAndAdd.s
   Uses
      At line 18 in file ShiftAndAdd.s
Comment: endWh2 used once
endWhile 0000003C

Symbol: endWhile
   Definitions
      At line 28 in file ShiftAndAdd.s
   Uses
      At line 14 in file ShiftAndAdd.s
Comment: endWhile used once
start 00000000

Symbol: start
   Definitions
      At line 5 in file ShiftAndAdd.s
   Uses
      At line 3 in file ShiftAndAdd.s
Comment: start used once
stop 0000003C

Symbol: stop
   Definitions
      At line 30 in file ShiftAndAdd.s
   Uses
      At line 30 in file ShiftAndAdd.s
Comment: stop used once
while 00000014

Symbol: while
   Definitions
      At line 12 in file ShiftAndAdd.s
   Uses
      At line 26 in file ShiftAndAdd.s
Comment: while used once
while2 0000001C

Symbol: while2
   Definitions
      At line 16 in file ShiftAndAdd.s
   Uses
      At line 21 in file ShiftAndAdd.s
Comment: while2 used once
7 symbols



ARM Macro Assembler    Page 1 Alphabetic symbol ordering
External symbols

main 00000000

Symbol: main
   Definitions
      At line 2 in file ShiftAndAdd.s
   Uses
      None
Comment: main unused
1 symbol
346 symbols in table
