


ARM Macro Assembler    Page 1 


    1 00000000                 AREA             AsciiValue, CODE, READONLY
    2 00000000                 IMPORT           main
    3 00000000                 EXPORT           start
    4 00000000         
    5 00000000         start
    6 00000000 E3A04032        LDR              R4, ='2'    ; Load '2','0','3',
                                                            '4' into R4...R1
    7 00000004 E3A03030        LDR              R3, ='0'    ;
    8 00000008 E3A02033        LDR              R2, ='3'    ;
    9 0000000C E3A01034        LDR              R1, ='4'    ;
   10 00000010         
   11 00000010 E3A05030        LDR              R5, ='0'
   12 00000014 E0446005        SUB              R6, R4, R5
   13 00000018 E0437005        SUB              R7, R3, R5
   14 0000001C E0428005        SUB              R8, R2, R5
   15 00000020 E0419005        SUB              R9, R1, R5
   16 00000024 E3A0A00A        LDR              R10, =0xA
   17 00000028 E006069A        MUL              R6, R10, R6
   18 0000002C E006069A        MUL              R6, R10, R6
   19 00000030 E006069A        MUL              R6, R10, R6 ;multiply the first
                                                             number by 1000
   20 00000034 E007079A        MUL              R7, R10, R7
   21 00000038 E007079A        MUL              R7, R10, R7 ;multiply the secon
                                                            d number by 100
   22 0000003C E008089A        MUL              R8, R10, R8 ;multiply the third
                                                             number by 10
   23 00000040 E0866007        ADD              R6, R6, R7  ;add the first and 
                                                            the second number
   24 00000044 E0888009        ADD              R8, R8, R9  ;add the third and 
                                                            the fourth number
   25 00000048 E0860008        ADD              R0, R6, R8  ;add the sums toget
                                                            her
   26 0000004C EAFFFFFE 
                       stop    B                stop
   27 00000050         
   28 00000050                 END
Command Line: --debug --xref --apcs=interwork --depend=.\asciivalue.d -o.\ascii
value.o -IC:\Keil\ARM\RV31\INC -IC:\Keil\ARM\CMSIS\Include -IC:\Keil\ARM\Inc\Ph
ilips --predefine="__EVAL SETA 1" --predefine="__MICROLIB SETA 1" --predefine="
NO_CLOCK_SETUP SETA 1" --predefine="NO_EMC_SETUP SETA 1" --predefine="RAM_INTVE
C SETA 1" --predefine="RAM_MODE SETA 1" --predefine="REMAP SETA 1" --list=.\asc
iivalue.lst AsciiValue.s



ARM Macro Assembler    Page 1 Alphabetic symbol ordering
Relocatable symbols

AsciiValue 00000000

Symbol: AsciiValue
   Definitions
      At line 1 in file AsciiValue.s
   Uses
      None
Comment: AsciiValue unused
start 00000000

Symbol: start
   Definitions
      At line 5 in file AsciiValue.s
   Uses
      At line 3 in file AsciiValue.s
Comment: start used once
stop 0000004C

Symbol: stop
   Definitions
      At line 26 in file AsciiValue.s
   Uses
      At line 26 in file AsciiValue.s
Comment: stop used once
3 symbols



ARM Macro Assembler    Page 1 Alphabetic symbol ordering
External symbols

main 00000000

Symbol: main
   Definitions
      At line 2 in file AsciiValue.s
   Uses
      None
Comment: main unused
1 symbol
341 symbols in table
