


ARM Macro Assembler    Page 1 


    1 00000000                 AREA             Expressions, CODE, READONLY
    2 00000000                 IMPORT           main
    3 00000000                 EXPORT           start
    4 00000000         
    5 00000000         start
    6 00000000 E3A01005        LDR              R1, =5      ; x = 5
    7 00000004 E3A02006        LDR              R2, =6      ; y = 6
    8 00000008         ;solution 1:
    9 00000008         
   10 00000008 E3A03003        LDR              R3, =3
   11 0000000C E3A04005        LDR              R4, =5
   12 00000010 E0030391        MUL              R3, R1, R3  ;3x
   13 00000014 E0030391        MUL              R3, R1, R3  ;3x^2
   14 00000018 E0040491        MUL              R4, R1, R4  ;5x
   15 0000001C E0830004        ADD              R0, R3, R4  ;3x^2+5x
   16 00000020         
   17 00000020         ;solution 2:
   18 00000020 E3A03002        LDR              R3, =2
   19 00000024 E3A04006        LDR              R4, =6
   20 00000028 E3A05003        LDR              R5, =3
   21 0000002C E0030391        MUL              R3, R1, R3  ;2x
   22 00000030 E0030391        MUL              R3, R1, R3  ;2x^2
   23 00000034 E0040491        MUL              R4, R1, R4  ;6x
   24 00000038 E0040492        MUL              R4, R2, R4  ;6xy
   25 0000003C E0050592        MUL              R5, R2, R5  ;3y
   26 00000040 E0050592        MUL              R5, R2, R5  ;3y^2
   27 00000044 E0830004        ADD              R0, R3, R4  ;2x^2 + 6xy
   28 00000048 E0800005        ADD              R0, R0, R5  ;2x^2 + 6xy + 3y^2
   29 0000004C         
   30 0000004C         ;solution 3:
   31 0000004C E3A03004        LDR              R3, =4
   32 00000050 E3A04003        LDR              R4, =3
   33 00000054 E3A05008        LDR              R5, =8
   34 00000058 E0060191        MUL              R6, R1, R1  ;x^2
   35 0000005C E0060691        MUL              R6, R1, R6  ;x^3
   36 00000060 E0030391        MUL              R3, R1, R3  ;4x
   37 00000064 E0030391        MUL              R3, R1, R3  ;4x^2
   38 00000068 E0040491        MUL              R4, R1, R4  ;3x
   39 0000006C E0460003        SUB              R0, R6, R3  ;x^3 - 4x^2
   40 00000070 E0840000        ADD              R0, R4, R0  ;x^3 - 4x^2 + 3x
   41 00000074 E0850000        ADD              R0, R5, R0  ;x^3 - 4x^2 + 3x + 
                                                            8
   42 00000078 EAFFFFFE 
                       stop    B                stop
   43 0000007C         
   44 0000007C                 END
Command Line: --debug --xref --apcs=interwork --depend=.\expressions.d -o.\expr
essions.o -IC:\Keil\ARM\RV31\INC -IC:\Keil\ARM\CMSIS\Include -IC:\Keil\ARM\Inc\
Philips --predefine="__EVAL SETA 1" --predefine="__MICROLIB SETA 1" --predefine
="NO_CLOCK_SETUP SETA 1" --predefine="NO_EMC_SETUP SETA 1" --predefine="RAM_INT
VEC SETA 1" --predefine="RAM_MODE SETA 1" --predefine="REMAP SETA 1" --list=.\e
xpressions.lst Expressions.s



ARM Macro Assembler    Page 1 Alphabetic symbol ordering
Relocatable symbols

Expressions 00000000

Symbol: Expressions
   Definitions
      At line 1 in file Expressions.s
   Uses
      None
Comment: Expressions unused
start 00000000

Symbol: start
   Definitions
      At line 5 in file Expressions.s
   Uses
      At line 3 in file Expressions.s
Comment: start used once
stop 00000078

Symbol: stop
   Definitions
      At line 42 in file Expressions.s
   Uses
      At line 42 in file Expressions.s
Comment: stop used once
3 symbols



ARM Macro Assembler    Page 1 Alphabetic symbol ordering
External symbols

main 00000000

Symbol: main
   Definitions
      At line 2 in file Expressions.s
   Uses
      None
Comment: main unused
1 symbol
341 symbols in table
