


ARM Macro Assembler    Page 1 


    1 00000000                 AREA             Unique, CODE, READONLY
    2 00000000                 IMPORT           main
    3 00000000                 EXPORT           start
    4 00000000         
    5 00000000         start
    6 00000000 E3A00002        LDR              R0, =2      ;occuranceFlag
    7 00000004 E59F1064        LDR              R1, =COUNT  ;count 
    8 00000008 E59F2064        LDR              R2, =VALUES ; valAddress = valu
                                                            es
    9 0000000C E5913000        LDR              R3, [R1]    ; count = loadCount
                                                            ()
   10 00000010 E5924000        LDR              R4, [R2]    ; currentBaseValue 
                                                            = loadValue(valAddr
                                                            ess)
   11 00000014         
   12 00000014         while
   13 00000014 E3530000        CMP              R3, #0      ; while (count != 0
                                                             && occuranceFlag !
                                                            = 0)
   14 00000018 0A000013        BEQ              endWh       ; {
   15 0000001C E3500000        CMP              R0, #0      ;
   16 00000020 0A000011        BEQ              endWh       ;
   17 00000024 E3A00002        LDR              R0, =2      ; occuranceFlag = 2
                                                            
   18 00000028 E5915000        LDR              R5, [R1]    ; passThroughCount 
                                                            = loadCount()
   19 0000002C E59F7040        LDR              R7, =VALUES ; passThroughValues
                                                             = values
   20 00000030         
   21 00000030         while2
   22 00000030 E3550000        CMP              R5, #0      ; while ( passThrou
                                                            ghCount != 0 && occ
                                                            uranceFlag != 0 )
   23 00000034 0A000008        BEQ              endWh2      ; {
   24 00000038 E3500000        CMP              R0, #0      ; 
   25 0000003C 0A000006        BEQ              endWh2      ;
   26 00000040 E5976000        LDR              R6, [R7]    ; currentInvestigat
                                                            edVal = loadValue(p
                                                            assThroughValues)
   27 00000044 E1540006        CMP              R4, R6      ; if ( currentInves
                                                            tigatedVal = curren
                                                            tBaseValue )
   28 00000048 1A000000        BNE              endIf1      ;  {
   29 0000004C E2400001        SUB              R0, R0, #1  ;  occuranceFlag--
   30 00000050         endIf1                               ;  }
   31 00000050         
   32 00000050 E2877004        ADD              R7, R7, #4  ; address++
   33 00000054 E2455001        SUB              R5, R5, #1  ; passThroughCount-
                                                            -
   34 00000058 EAFFFFF4        B                while2      ; }
   35 0000005C         
   36 0000005C         endWh2
   37 0000005C E2433001        SUB              R3, R3, #1  ; count--
   38 00000060 E2822004        ADD              R2, R2, #4  ; valAddress ++
   39 00000064 E5924000        LDR              R4, [R2]    ; currentBaseValue 
                                                            = loadValue(valAddr
                                                            ess)
   40 00000068 EAFFFFE9        B                while       ; }
   41 0000006C         



ARM Macro Assembler    Page 2 


   42 0000006C         endWh
   43 0000006C         ; Result is the value of occuranceFlag which is =0 if va
                       lues are not unique
   44 0000006C         ; and is =1 if the values are unique
   45 0000006C EAFFFFFE 
                       stop    B                stop
   46 00000070         
   47 00000070         
   48 00000070 00000000 
              00000000 
              00000000         AREA             TestData, DATA, READWRITE
   49 00000000         
   50 00000000 0000000A 
                       COUNT   DCD              10
   51 00000004 00000005 
              00000002 
              00000007 
              00000004 
              0000000D 
              00000063 
              00000012 
              00000008 
              00000009 
              0000000C VALUES  DCD              5, 2, 7, 4, 13, 99, 18, 8, 9, 1
2
   52 0000002C         
   53 0000002C         
   54 0000002C                 END
Command Line: --debug --xref --diag_suppress=9931 --apcs=interwork --depend=.\u
nique.d -o.\unique.o -IC:\Keil_v5\ARM\RV31\INC -IC:\Keil_v5\ARM\CMSIS\Include -
IC:\Keil_v5\ARM\Inc\Philips --predefine="__EVAL SETA 1" --predefine="__MICROLIB
 SETA 1" --predefine="__UVISION_VERSION SETA 521" --predefine="NO_CLOCK_SETUP S
ETA 1" --predefine="NO_EMC_SETUP SETA 1" --predefine="RAM_INTVEC SETA 1" --pred
efine="RAM_MODE SETA 1" --predefine="REMAP SETA 1" --list=.\unique.lst Unique.s



ARM Macro Assembler    Page 1 Alphabetic symbol ordering
Relocatable symbols

Unique 00000000

Symbol: Unique
   Definitions
      At line 1 in file Unique.s
   Uses
      None
Comment: Unique unused
endIf1 00000050

Symbol: endIf1
   Definitions
      At line 30 in file Unique.s
   Uses
      At line 28 in file Unique.s
Comment: endIf1 used once
endWh 0000006C

Symbol: endWh
   Definitions
      At line 42 in file Unique.s
   Uses
      At line 14 in file Unique.s
      At line 16 in file Unique.s

endWh2 0000005C

Symbol: endWh2
   Definitions
      At line 36 in file Unique.s
   Uses
      At line 23 in file Unique.s
      At line 25 in file Unique.s

start 00000000

Symbol: start
   Definitions
      At line 5 in file Unique.s
   Uses
      At line 3 in file Unique.s
Comment: start used once
stop 0000006C

Symbol: stop
   Definitions
      At line 45 in file Unique.s
   Uses
      At line 45 in file Unique.s
Comment: stop used once
while 00000014

Symbol: while
   Definitions
      At line 12 in file Unique.s
   Uses
      At line 40 in file Unique.s
Comment: while used once
while2 00000030



ARM Macro Assembler    Page 2 Alphabetic symbol ordering
Relocatable symbols


Symbol: while2
   Definitions
      At line 21 in file Unique.s
   Uses
      At line 34 in file Unique.s
Comment: while2 used once
8 symbols



ARM Macro Assembler    Page 1 Alphabetic symbol ordering
Relocatable symbols

COUNT 00000000

Symbol: COUNT
   Definitions
      At line 50 in file Unique.s
   Uses
      At line 7 in file Unique.s
Comment: COUNT used once
TestData 00000000

Symbol: TestData
   Definitions
      At line 48 in file Unique.s
   Uses
      None
Comment: TestData unused
VALUES 00000004

Symbol: VALUES
   Definitions
      At line 51 in file Unique.s
   Uses
      At line 8 in file Unique.s
      At line 19 in file Unique.s

3 symbols



ARM Macro Assembler    Page 1 Alphabetic symbol ordering
External symbols

main 00000000

Symbol: main
   Definitions
      At line 2 in file Unique.s
   Uses
      None
Comment: main unused
1 symbol
352 symbols in table
