


ARM Macro Assembler    Page 1 


    1 00000000                 AREA             ProperCase, CODE, READONLY
    2 00000000                 IMPORT           main
    3 00000000                 EXPORT           start
    4 00000000         
    5 00000000         start
    6 00000000 E59F1060        LDR              R1, =testStr
    7 00000004         
    8 00000004         while
    9 00000004 E5D12000        LDRB             R2, [R1]    ;testString charach
                                                            ter 1
   10 00000008 E352007A        CMP              R2, #'z'    ; if ( char <= 'z' 
                                                            || char >=  'a' )
   11 0000000C 8A000003        BHI              outOfIf     ;
   12 00000010 E3520061        CMP              R2, #'a'    ;
   13 00000014 3A000001        BLO              outOfIf     ;
   14 00000018 E2422020        SUB              R2, R2, #0x20 ;convert char to 
                                                            UpperCase
   15 0000001C E5C12000        STRB             R2, [R1]    ;store char
   16 00000020         
   17 00000020         
   18 00000020         outOfIf
   19 00000020 E2811001        ADD              R1, R1, #1  ;address++
   20 00000024         
   21 00000024         while2
   22 00000024 E3520020        CMP              R2, #0x20   ;while ( char != SP
                                                            ACE && char != 0x00
                                                             )
   23 00000028 0A00000A        BEQ              endWhile2
   24 0000002C E3520000        CMP              R2, #0x00
   25 00000030 0A000008        BEQ              endWhile2
   26 00000034 E5D12000        LDRB             R2, [R1]    ; loadChar()
   27 00000038         
   28 00000038 E352005A        CMP              R2, #'Z'    ; if ( char <= 'Z' 
                                                            || char >= 'A' )
   29 0000003C 8A000003        BHI              outOfIf2    ;
   30 00000040 E3520041        CMP              R2, #'A'    ;
   31 00000044 3A000001        BLO              outOfIf2    ;
   32 00000048 E2822020        ADD              R2, R2, #0x20 ;convert char to 
                                                            UpperCase
   33 0000004C E5C12000        STRB             R2, [R1]    ;store char
   34 00000050         
   35 00000050         
   36 00000050         outOfIf2
   37 00000050 E2811001        ADD              R1, R1, #1  ;address++
   38 00000054 EAFFFFF2        B                while2
   39 00000058         
   40 00000058         endWhile2
   41 00000058 E3520000        CMP              R2, #0x00
   42 0000005C 0A000000        BEQ              endRead
   43 00000060 EAFFFFE7        B                while
   44 00000064         
   45 00000064         endRead
   46 00000064 EAFFFFFE 
                       stop    B                stop
   47 00000068         
   48 00000068         
   49 00000068         
   50 00000068 00000000        AREA             TestData, DATA, READWRITE
   51 00000000         



ARM Macro Assembler    Page 2 


   52 00000000 6D 79 20 
              6E 61 6D 
              65 20 69 
              73 20 62 
              72 61 6E 
              64 6F 6E 
              00       testStr DCB              "my name is brandon",0
   53 00000013         
   54 00000013                 END
Command Line: --debug --xref --diag_suppress=9931 --apcs=interwork --depend=.\p
ropercase.d -o.\propercase.o -IC:\Keil_v5\ARM\RV31\INC -IC:\Keil_v5\ARM\CMSIS\I
nclude -IC:\Keil_v5\ARM\Inc\Philips --predefine="__EVAL SETA 1" --predefine="__
MICROLIB SETA 1" --predefine="__UVISION_VERSION SETA 521" --predefine="NO_CLOCK
_SETUP SETA 1" --predefine="NO_EMC_SETUP SETA 1" --predefine="RAM_INTVEC SETA 1
" --predefine="RAM_MODE SETA 1" --predefine="REMAP SETA 1" --list=.\propercase.
lst ProperCase.s



ARM Macro Assembler    Page 1 Alphabetic symbol ordering
Relocatable symbols

ProperCase 00000000

Symbol: ProperCase
   Definitions
      At line 1 in file ProperCase.s
   Uses
      None
Comment: ProperCase unused
endRead 00000064

Symbol: endRead
   Definitions
      At line 45 in file ProperCase.s
   Uses
      At line 42 in file ProperCase.s
Comment: endRead used once
endWhile2 00000058

Symbol: endWhile2
   Definitions
      At line 40 in file ProperCase.s
   Uses
      At line 23 in file ProperCase.s
      At line 25 in file ProperCase.s

outOfIf 00000020

Symbol: outOfIf
   Definitions
      At line 18 in file ProperCase.s
   Uses
      At line 11 in file ProperCase.s
      At line 13 in file ProperCase.s

outOfIf2 00000050

Symbol: outOfIf2
   Definitions
      At line 36 in file ProperCase.s
   Uses
      At line 29 in file ProperCase.s
      At line 31 in file ProperCase.s

start 00000000

Symbol: start
   Definitions
      At line 5 in file ProperCase.s
   Uses
      At line 3 in file ProperCase.s
Comment: start used once
stop 00000064

Symbol: stop
   Definitions
      At line 46 in file ProperCase.s
   Uses
      At line 46 in file ProperCase.s
Comment: stop used once



ARM Macro Assembler    Page 2 Alphabetic symbol ordering
Relocatable symbols

while 00000004

Symbol: while
   Definitions
      At line 8 in file ProperCase.s
   Uses
      At line 43 in file ProperCase.s
Comment: while used once
while2 00000024

Symbol: while2
   Definitions
      At line 21 in file ProperCase.s
   Uses
      At line 38 in file ProperCase.s
Comment: while2 used once
9 symbols



ARM Macro Assembler    Page 1 Alphabetic symbol ordering
Relocatable symbols

TestData 00000000

Symbol: TestData
   Definitions
      At line 50 in file ProperCase.s
   Uses
      None
Comment: TestData unused
testStr 00000000

Symbol: testStr
   Definitions
      At line 52 in file ProperCase.s
   Uses
      At line 6 in file ProperCase.s
Comment: testStr used once
2 symbols



ARM Macro Assembler    Page 1 Alphabetic symbol ordering
External symbols

main 00000000

Symbol: main
   Definitions
      At line 2 in file ProperCase.s
   Uses
      None
Comment: main unused
1 symbol
352 symbols in table
